<?xml version="1.0" encoding="UTF-8"?>
<!-- Generated by org.testng.reporters.JUnitReportReporter -->
<testsuite skipped="0" hostname="DESKTOP-Q4NAHNC" name="api_request_tests.req_res.GetUsers" tests="1" failures="0" timestamp="2021-09-07T20:13:28 IST" time="4.923" errors="0">
  <testcase name="getUsers" time="4.923" classname="api_request_tests.req_res.GetUsers"/>
  <system-out/>
</testsuite> <!-- api_request_tests.req_res.GetUsers -->
