<?xml version="1.0" encoding="UTF-8"?>
<!-- Generated by org.testng.reporters.JUnitReportReporter -->
<testsuite skipped="0" hostname="DESKTOP-Q4NAHNC" name="api_request_tests.req_res.GetUsers" tests="2" failures="0" timestamp="2021-09-08T20:20:47 IST" time="7.688" errors="0">
  <testcase name="getUsers" time="7.656" classname="api_request_tests.req_res.GetUsers"/>
  <system-out/>
  <testcase name="verifyStatusCode" time="0.032" classname="api_request_tests.req_res.GetUsers"/>
  <system-out/>
</testsuite> <!-- api_request_tests.req_res.GetUsers -->
