<?xml version="1.0" encoding="UTF-8"?>
<!-- Generated by org.testng.reporters.JUnitReportReporter -->
<testsuite skipped="0" hostname="DESKTOP-Q4NAHNC" name="api_request_tests.googleApis.AddPlace_XML" tests="1" failures="0" timestamp="2021-09-07T20:33:47 IST" time="4.695" errors="0">
  <testcase name="addPlace" time="4.695" classname="api_request_tests.googleApis.AddPlace_XML"/>
  <system-out/>
</testsuite> <!-- api_request_tests.googleApis.AddPlace_XML -->
