<?xml version="1.0" encoding="UTF-8"?>
<!-- Generated by org.testng.reporters.JUnitReportReporter -->
<testsuite skipped="0" hostname="DESKTOP-Q4NAHNC" name="TestNGDemos.AnnotationsDemo" tests="2" failures="0" timestamp="2021-07-15T19:50:58 IST" time="0.071" errors="0">
  <testcase name="a" time="0.050" classname="TestNGDemos.AnnotationsDemo"/>
  <system-out/>
  <testcase name="b" time="0.021" classname="TestNGDemos.AnnotationsDemo"/>
  <system-out/>
</testsuite> <!-- TestNGDemos.AnnotationsDemo -->
