<?xml version="1.0" encoding="UTF-8"?>
<!-- Generated by org.testng.reporters.JUnitReportReporter -->
<testsuite skipped="0" hostname="DESKTOP-Q4NAHNC" name="Prioritization" tests="3" failures="0" timestamp="2021-07-15T19:50:58 IST" time="8.107" errors="0">
  <testcase name="app_browser_launch" time="8.077" classname="Prioritization"/>
  <system-out/>
  <testcase name="verifyUrl" time="0.015" classname="Prioritization"/>
  <system-out/>
  <testcase name="verifyTitle" time="0.015" classname="Prioritization"/>
  <system-out/>
</testsuite> <!-- Prioritization -->
