<?xml version="1.0" encoding="UTF-8"?>
<!-- Generated by org.testng.reporters.JUnitReportReporter -->
<testsuite skipped="0" hostname="DESKTOP-Q4NAHNC" name="com.qa.hrm.tests.BaseTest" tests="1" failures="0" timestamp="2021-07-28T20:54:19 IST" time="50.706" errors="0">
  <testcase name="setUp" time="50.706" classname="com.qa.hrm.tests.BaseTest"/>
  <system-out/>
</testsuite> <!-- com.qa.hrm.tests.BaseTest -->
