<?xml version="1.0" encoding="UTF-8"?>
<!-- Generated by org.testng.reporters.JUnitReportReporter -->
<testsuite skipped="0" hostname="DESKTOP-Q4NAHNC" name="FB.TestNGDemo" tests="1" failures="0" timestamp="2021-08-13T19:56:57 IST" time="71.099" errors="0">
  <testcase name="m1" time="71.099" classname="FB.TestNGDemo"/>
  <system-out/>
</testsuite> <!-- FB.TestNGDemo -->
