<?xml version="1.0" encoding="UTF-8"?>
<!-- Generated by org.testng.reporters.JUnitReportReporter -->
<testsuite skipped="0" hostname="DESKTOP-Q4NAHNC" name="reqres_apis.GetUsersList" tests="2" failures="0" timestamp="2021-08-31T21:39:33 IST" time="8.071" errors="0">
  <testcase name="getUsersList" time="0.441" classname="reqres_apis.GetUsersList"/>
  <system-out/>
  <testcase name="createUser" time="7.630" classname="reqres_apis.GetUsersList"/>
  <system-out/>
</testsuite> <!-- reqres_apis.GetUsersList -->
