<?xml version="1.0" encoding="UTF-8"?>
<!-- Generated by org.testng.reporters.JUnitReportReporter -->
<testsuite skipped="0" hostname="DESKTOP-Q4NAHNC" name="twitterAPIs.AddTweet" tests="1" failures="0" timestamp="2021-09-01T20:53:03 IST" time="5.895" errors="0">
  <testcase name="postTweet" time="5.895" classname="twitterAPIs.AddTweet"/>
  <system-out/>
</testsuite> <!-- twitterAPIs.AddTweet -->
