<?xml version="1.0" encoding="UTF-8"?>
<!-- Generated by org.testng.reporters.JUnitReportReporter -->
<testsuite skipped="0" hostname="DESKTOP-Q4NAHNC" name="FB.Eventhandling.IFramehandling" tests="1" failures="0" timestamp="2021-08-13T21:32:59 IST" time="6.021" errors="0">
  <testcase name="setUp" time="6.021" classname="FB.Eventhandling.IFramehandling"/>
  <system-out/>
</testsuite> <!-- FB.Eventhandling.IFramehandling -->
