<?xml version="1.0" encoding="UTF-8"?>
<!-- Generated by org.testng.reporters.JUnitReportReporter -->
<testsuite skipped="1" hostname="DESKTOP-Q4NAHNC" name="FB.Eventhandling.MouseHandling" tests="2" failures="0" timestamp="2021-08-16T21:01:52 IST" time="0.652" errors="0">
  <testcase name="dragAndDrop" time="0.652" classname="FB.Eventhandling.MouseHandling"/>
  <system-out/>
  <testcase name="mouseMovement" classname="FB.Eventhandling.MouseHandling">
    <skipped/>
  </testcase> <!-- mouseMovement -->
  <system-out/>
</testsuite> <!-- FB.Eventhandling.MouseHandling -->
