<?xml version="1.0" encoding="UTF-8"?>
<!-- Generated by org.testng.reporters.JUnitReportReporter -->
<testsuite skipped="0" hostname="DESKTOP-Q4NAHNC" name="FB.Eventhandling.ScreenshotCapture" tests="1" failures="0" timestamp="2021-08-16T21:25:58 IST" time="0.349" errors="0">
  <testcase name="captureScreenShot" time="0.349" classname="FB.Eventhandling.ScreenshotCapture"/>
  <system-out/>
</testsuite> <!-- FB.Eventhandling.ScreenshotCapture -->
