<?xml version="1.0" encoding="UTF-8"?>
<!-- Generated by org.testng.reporters.JUnitReportReporter -->
<testsuite skipped="0" hostname="DESKTOP-Q4NAHNC" name="GridDemo" tests="2" failures="0" timestamp="2021-08-17T21:12:56 IST" time="314.293" errors="0">
  <testcase name="setUp" time="146.237" classname="GridDemo"/>
  <system-out/>
  <testcase name="setUp" time="168.056" classname="GridDemo"/>
  <system-out/>
</testsuite> <!-- GridDemo -->
