<?xml version="1.0" encoding="UTF-8"?>
<!-- Generated by org.testng.reporters.JUnitReportReporter -->
<testsuite skipped="0" hostname="DESKTOP-Q4NAHNC" name="FB.Eventhandling.WindowHandlingConcept" tests="1" failures="0" timestamp="2021-08-16T20:13:32 IST" time="35.486" errors="0">
  <testcase name="setUp" time="35.486" classname="FB.Eventhandling.WindowHandlingConcept"/>
  <system-out/>
</testsuite> <!-- FB.Eventhandling.WindowHandlingConcept -->
