<?xml version="1.0" encoding="UTF-8"?>
<!-- Generated by org.testng.reporters.JUnitReportReporter -->
<testsuite skipped="2" hostname="DESKTOP-Q4NAHNC" name="FB.Eventhandling.AlertHandling" tests="4" failures="0" timestamp="2021-08-13T20:54:24 IST" time="5.774" errors="0">
  <testcase name="promptBox" time="5.517" classname="FB.Eventhandling.AlertHandling"/>
  <system-out/>
  <testcase name="confirmBox" time="0.257" classname="FB.Eventhandling.AlertHandling"/>
  <system-out/>
  <testcase name="alertBoxAfterWait" classname="FB.Eventhandling.AlertHandling">
    <skipped/>
  </testcase> <!-- alertBoxAfterWait -->
  <system-out/>
  <testcase name="alertBox" classname="FB.Eventhandling.AlertHandling">
    <skipped/>
  </testcase> <!-- alertBox -->
  <system-out/>
</testsuite> <!-- FB.Eventhandling.AlertHandling -->
