<?xml version="1.0" encoding="UTF-8"?>
<!-- Generated by org.testng.reporters.JUnitReportReporter -->
<testsuite skipped="0" hostname="DESKTOP-Q4NAHNC" name="reqres_apis.GetUsersList_getResponse" tests="1" failures="0" timestamp="2021-09-03T21:03:05 IST" time="9.120" errors="0">
  <testcase name="getUsersList" time="9.120" classname="reqres_apis.GetUsersList_getResponse"/>
  <system-out/>
</testsuite> <!-- reqres_apis.GetUsersList_getResponse -->
