<?xml version="1.0" encoding="UTF-8"?>
<!-- Generated by org.testng.reporters.JUnitReportReporter -->
<testsuite skipped="0" hostname="DESKTOP-Q4NAHNC" name="twitterAPIs.GetHomeTweets" tests="1" failures="0" timestamp="2021-09-01T20:33:49 IST" time="5.634" errors="0">
  <testcase name="getTweets" time="5.634" classname="twitterAPIs.GetHomeTweets"/>
  <system-out/>
</testsuite> <!-- twitterAPIs.GetHomeTweets -->
