<?xml version="1.0" encoding="UTF-8"?>
<!-- Generated by org.testng.reporters.JUnitReportReporter -->
<testsuite skipped="0" hostname="DESKTOP-Q4NAHNC" name="googleApis.AddPlace_XML" tests="2" failures="0" timestamp="2021-09-01T20:20:00 IST" time="5.066" errors="0">
  <testcase name="addPlace" time="4.849" classname="googleApis.AddPlace_XML"/>
  <system-out/>
  <testcase name="deletePlace" time="0.217" classname="googleApis.AddPlace_XML"/>
  <system-out/>
</testsuite> <!-- googleApis.AddPlace_XML -->
