<?xml version="1.0" encoding="UTF-8"?>
<!-- Generated by org.testng.reporters.JUnitReportReporter -->
<testsuite skipped="0" hostname="DESKTOP-Q4NAHNC" name="reqres_apis.AddUser" tests="1" failures="0" timestamp="2021-09-03T20:03:22 IST" time="9.235" errors="0">
  <testcase name="createUser" time="9.235" classname="reqres_apis.AddUser"/>
  <system-out/>
</testsuite> <!-- reqres_apis.AddUser -->
