<?xml version="1.0" encoding="UTF-8"?>
<!-- Generated by org.testng.reporters.JUnitReportReporter -->
<testsuite skipped="0" hostname="DESKTOP-Q4NAHNC" name="twitterAPIs.TweetCRUDOpn" tests="3" failures="0" timestamp="2021-09-03T21:20:51 IST" time="29.925" errors="0">
  <testcase name="postTweet" time="10.229" classname="twitterAPIs.TweetCRUDOpn"/>
  <system-out/>
  <testcase name="getTweetId" time="4.004" classname="twitterAPIs.TweetCRUDOpn"/>
  <system-out/>
  <testcase name="deleteId" time="15.692" classname="twitterAPIs.TweetCRUDOpn"/>
  <system-out/>
</testsuite> <!-- twitterAPIs.TweetCRUDOpn -->
