<?xml version="1.0" encoding="UTF-8"?>
<!-- Generated by org.testng.reporters.JUnitReportReporter -->
<testsuite skipped="0" hostname="DESKTOP-Q4NAHNC" name="com.qa.hrm.tests.LoginTest" tests="1" failures="0" timestamp="2021-08-03T20:32:36 IST" time="7.938" errors="0">
  <testcase name="verifyLoginWithValidCreds" time="7.938" classname="com.qa.hrm.tests.LoginTest"/>
  <system-out/>
</testsuite> <!-- com.qa.hrm.tests.LoginTest -->
